<?xml version="1.0" encoding="UTF-8"?>
<testng-results ignored="0" total="8" passed="8" failed="0" skipped="0">
  <reporter-output>
  </reporter-output>
  <suite started-at="2023-05-11T10:17:29 IST" name="manipal testng suite" finished-at="2023-05-11T10:18:55 IST" duration-ms="86561">
    <groups>
    </groups>
    <test started-at="2023-05-11T10:17:29 IST" name="Functional  testing" finished-at="2023-05-11T10:18:55 IST" duration-ms="86561">
      <class name="org.example.Parameters">
        <test-method signature="testparameters(java.lang.String)[pri:0, instance:org.example.Parameters@bef2d72]" started-at="2023-05-11T10:17:29 IST" name="testparameters" finished-at="2023-05-11T10:17:46 IST" duration-ms="17309" status="PASS">
          <params>
            <param index="0">
              <value>
                <![CDATA[chrome]]>
              </value>
            </param>
          </params>
          <reporter-output>
          </reporter-output>
        </test-method> <!-- testparameters -->
      </class> <!-- org.example.Parameters -->
      <class name="org.example.Scroll">
        <test-method signature="scrll()[pri:0, instance:org.example.Scroll@5ae50ce6]" started-at="2023-05-11T10:17:29 IST" name="scrll" finished-at="2023-05-11T10:17:56 IST" duration-ms="27098" status="PASS">
          <reporter-output>
          </reporter-output>
        </test-method> <!-- scrll -->
      </class> <!-- org.example.Scroll -->
      <class name="org.example.Alerts">
        <test-method signature="alrt()[pri:0, instance:org.example.Alerts@48e4374]" started-at="2023-05-11T10:17:56 IST" name="alrt" finished-at="2023-05-11T10:18:55 IST" duration-ms="59137" status="PASS">
          <reporter-output>
          </reporter-output>
        </test-method> <!-- alrt -->
      </class> <!-- org.example.Alerts -->
      <class name="org.example.dragndrop">
        <test-method signature="draganddrop()[pri:0, instance:org.example.dragndrop@be64738]" started-at="2023-05-11T10:17:29 IST" name="draganddrop" finished-at="2023-05-11T10:17:52 IST" duration-ms="23642" status="PASS">
          <reporter-output>
          </reporter-output>
        </test-method> <!-- draganddrop -->
      </class> <!-- org.example.dragndrop -->
      <class name="org.example.SingleRadio">
        <test-method signature="radiobutton()[pri:0, instance:org.example.SingleRadio@4c9f8c13]" started-at="2023-05-11T10:17:29 IST" name="radiobutton" finished-at="2023-05-11T10:18:13 IST" duration-ms="44585" status="PASS">
          <reporter-output>
          </reporter-output>
        </test-method> <!-- radiobutton -->
      </class> <!-- org.example.SingleRadio -->
      <class name="org.example.Selectex">
        <test-method signature="textsel()[pri:0, instance:org.example.Selectex@6f96c77]" started-at="2023-05-11T10:17:29 IST" name="textsel" finished-at="2023-05-11T10:18:14 IST" duration-ms="45173" status="PASS">
          <reporter-output>
          </reporter-output>
        </test-method> <!-- textsel -->
      </class> <!-- org.example.Selectex -->
      <class name="org.example.TakeScreenshot">
        <test-method signature="ss()[pri:0, instance:org.example.TakeScreenshot@3ba9ad43]" started-at="2023-05-11T10:17:46 IST" name="ss" finished-at="2023-05-11T10:18:16 IST" duration-ms="29499" status="PASS">
          <reporter-output>
          </reporter-output>
        </test-method> <!-- ss -->
      </class> <!-- org.example.TakeScreenshot -->
      <class name="org.example.NavigationalCommands">
        <test-method signature="ncommands()[pri:0, instance:org.example.NavigationalCommands@49d904ec]" started-at="2023-05-11T10:17:52 IST" name="ncommands" finished-at="2023-05-11T10:18:14 IST" duration-ms="21161" status="PASS">
          <reporter-output>
          </reporter-output>
        </test-method> <!-- ncommands -->
      </class> <!-- org.example.NavigationalCommands -->
    </test> <!-- Functional  testing -->
  </suite> <!-- manipal testng suite -->
</testng-results>
