<?xml version="1.0" encoding="UTF-8"?>
<!-- Generated by org.testng.reporters.JUnitXMLReporter -->
<testsuite ignored="0" hostname="DESKTOP-92UAJLA" failures="0" tests="8" name="Functional  testing" time="86.561" errors="0" timestamp="2023-05-11T10:18:55 IST">
  <testcase classname="org.example.Parameters" name="testparameters" time="17.309"/>
  <testcase classname="org.example.dragndrop" name="draganddrop" time="23.642"/>
  <testcase classname="org.example.Scroll" name="scrll" time="27.098"/>
  <testcase classname="org.example.SingleRadio" name="radiobutton" time="44.585"/>
  <testcase classname="org.example.NavigationalCommands" name="ncommands" time="21.161"/>
  <testcase classname="org.example.Selectex" name="textsel" time="45.173"/>
  <testcase classname="org.example.TakeScreenshot" name="ss" time="29.499"/>
  <testcase classname="org.example.Alerts" name="alrt" time="59.137"/>
</testsuite> <!-- Functional  testing -->
